<?xml version="1.0" encoding="UTF-8"?>
<!-- Generated by org.testng.reporters.JUnitReportReporter -->
<testsuite hostname="ojt23-PC" name="DriverFactory.DriverScript" tests="1" failures="0" timestamp="23 Dec 2019 04:38:36 GMT" time="58.529" errors="0">
  <testcase name="ERP_Test" time="58.529" classname="DriverFactory.DriverScript"/>
</testsuite> <!-- DriverFactory.DriverScript -->
